New log file opened at Tue May 24 17:50:05 CEST 2016 by 20081@Lothars-MBP.fritz.box
jvm 20081@Lothars-MBP.fritz.box
jvm vmName=Java HotSpot(TM) 64-Bit Server VM vmVendor=Oracle Corporation vmVersion=25.60-b23
jvm specName=Java Virtual Machine Specification specVendor=Oracle Corporation specVersion=1.8
jvm arguments: [-Xms256m, -Xmx1024m, -XX:MetaspaceSize=64m, -XX:MaxMetaspaceSize=256m]
Starting event engine
Starting sbt command engine
Command engine arguments=List()
Command engine baseDirectory=/Users/lpfeiler/develop/github/ebs/scala/ebs
Waiting for sbt command engine
Command engine initial remaining commands List(--initialize, onFailure load-failed, boot, server-send-ready-for-request, server-handle-next-server-request)
> --initialize
> initialize
> onFailure load-failed
> boot
> reload
[Loading] Scanning directory /Users/lpfeiler/develop/github/ebs/scala/ebs/project
[Loading] Found non-root projects 
[Loading] Done in /Users/lpfeiler/develop/github/ebs/scala/ebs/project, returning: ()
deducing auto plugins based on known facts Set(Atom(sbt.plugins.CorePlugin)) and clauses Clauses(List(Clause(Atom(sbt.plugins.JvmPlugin),Set(Atom(sbt.plugins.IvyPlugin))), Clause(Atom(sbt.plugins.JUnitXmlReportPlugin),Set(Atom(sbt.plugins.JvmPlugin))), Clause(Atom(sbt.plugins.CorePlugin),Set(Atom(sbt.plugins.IvyPlugin))), Clause(Atom(sbt.plugins.IvyPlugin),Set(Atom(sbt.plugins.JvmPlugin))), Clause(Atom(sbt.plugins.JvmPlugin),Set(Atom(sbt.plugins.JUnitXmlReportPlugin)))))
  :: deduced result: Matched(sbt.plugins.CorePlugin,sbt.plugins.IvyPlugin,sbt.plugins.JvmPlugin,sbt.plugins.JUnitXmlReportPlugin)
sorting: ns: List(sbt.plugins.CorePlugin, sbt.plugins.IvyPlugin, sbt.plugins.JvmPlugin, sbt.plugins.JUnitXmlReportPlugin)
  :: sorting:: found: List(sbt.plugins.CorePlugin) not found List(sbt.plugins.IvyPlugin, sbt.plugins.JvmPlugin, sbt.plugins.JUnitXmlReportPlugin)
  :: sorting:: found: List(sbt.plugins.CorePlugin, sbt.plugins.IvyPlugin) not found List(sbt.plugins.JvmPlugin, sbt.plugins.JUnitXmlReportPlugin)
  :: sorting:: found: List(sbt.plugins.CorePlugin, sbt.plugins.IvyPlugin, sbt.plugins.JvmPlugin) not found List(sbt.plugins.JUnitXmlReportPlugin)
  :: sorting:: found: List(sbt.plugins.CorePlugin, sbt.plugins.IvyPlugin, sbt.plugins.JvmPlugin, sbt.plugins.JUnitXmlReportPlugin) not found List()
  :: sorted deduced result: List(sbt.plugins.CorePlugin, sbt.plugins.IvyPlugin, sbt.plugins.JvmPlugin, sbt.plugins.JUnitXmlReportPlugin)
[Loading] Done in /Users/lpfeiler/develop/github/ebs/scala/ebs/project, returning: (ebs-build)
Loading project definition from /Users/lpfeiler/develop/github/ebs/scala/ebs/project
Running task... Cancel: sbt.TaskCancellationStrategy$Null$@6311d371, check cycles: false

Initial source changes: 
	removed:Set()
	added: Set()
	modified: Set()
Removed products: Set()
External API changes: API Changes: Set()
Modified binary dependencies: Set()
Initial directly invalidated sources: Set()

Sources indirectly invalidated by:
	product: Set()
	binary dep: Set()
	external source: Set()
All initially invalidated sources: Set()

Copy resource mappings: 
	
[Loading] Scanning directory /Users/lpfeiler/develop/github/ebs/scala/ebs
[Loading] Found non-root projects 
[Loading] Done in /Users/lpfeiler/develop/github/ebs/scala/ebs, returning: ()
deducing auto plugins based on known facts Set(Atom(sbt.plugins.CorePlugin)) and clauses Clauses(List(Clause(Atom(sbt.plugins.JvmPlugin),Set(Atom(sbt.plugins.IvyPlugin))), Clause(Atom(sbt.plugins.JUnitXmlReportPlugin),Set(Atom(sbt.plugins.JvmPlugin))), Clause(Atom(sbt.plugins.BackgroundRunPlugin),Set(Atom(sbt.plugins.JvmPlugin))), Clause(Atom(sbt.plugins.CorePlugin),Set(Atom(sbt.plugins.IvyPlugin))), Clause(Atom(sbt.plugins.IvyPlugin),Set(Atom(sbt.plugins.JvmPlugin))), Clause(Atom(sbt.plugins.JvmPlugin),Set(Atom(sbt.plugins.JUnitXmlReportPlugin))), Clause(Atom(sbt.plugins.JvmPlugin),Set(Atom(sbt.plugins.BackgroundRunPlugin))), Clause(Atom(sbt.plugins.CorePlugin),Set(Atom(sbt.plugins.InteractionServicePlugin))), Clause(Atom(sbt.plugins.CorePlugin),Set(Atom(sbt.plugins.SendEventServicePlugin))), Clause(Atom(sbt.plugins.CorePlugin),Set(Atom(sbt.plugins.SerializersPlugin)))))
  :: deduced result: Matched(sbt.plugins.CorePlugin,sbt.plugins.SerializersPlugin,sbt.plugins.SendEventServicePlugin,sbt.plugins.InteractionServicePlugin,sbt.plugins.IvyPlugin,sbt.plugins.JvmPlugin,sbt.plugins.BackgroundRunPlugin,sbt.plugins.JUnitXmlReportPlugin)
sorting: ns: List(sbt.plugins.CorePlugin, sbt.plugins.SerializersPlugin, sbt.plugins.SendEventServicePlugin, sbt.plugins.InteractionServicePlugin, sbt.plugins.IvyPlugin, sbt.plugins.JvmPlugin, sbt.plugins.BackgroundRunPlugin, sbt.plugins.JUnitXmlReportPlugin)
  :: sorting:: found: List(sbt.plugins.CorePlugin) not found List(sbt.plugins.SerializersPlugin, sbt.plugins.SendEventServicePlugin, sbt.plugins.InteractionServicePlugin, sbt.plugins.IvyPlugin, sbt.plugins.JvmPlugin, sbt.plugins.BackgroundRunPlugin, sbt.plugins.JUnitXmlReportPlugin)
  :: sorting:: found: List(sbt.plugins.CorePlugin, sbt.plugins.SerializersPlugin, sbt.plugins.SendEventServicePlugin, sbt.plugins.InteractionServicePlugin, sbt.plugins.IvyPlugin) not found List(sbt.plugins.JvmPlugin, sbt.plugins.BackgroundRunPlugin, sbt.plugins.JUnitXmlReportPlugin)
  :: sorting:: found: List(sbt.plugins.CorePlugin, sbt.plugins.SerializersPlugin, sbt.plugins.SendEventServicePlugin, sbt.plugins.InteractionServicePlugin, sbt.plugins.IvyPlugin, sbt.plugins.JvmPlugin) not found List(sbt.plugins.BackgroundRunPlugin, sbt.plugins.JUnitXmlReportPlugin)
  :: sorting:: found: List(sbt.plugins.CorePlugin, sbt.plugins.SerializersPlugin, sbt.plugins.SendEventServicePlugin, sbt.plugins.InteractionServicePlugin, sbt.plugins.IvyPlugin, sbt.plugins.JvmPlugin, sbt.plugins.BackgroundRunPlugin, sbt.plugins.JUnitXmlReportPlugin) not found List()
  :: sorted deduced result: List(sbt.plugins.CorePlugin, sbt.plugins.SerializersPlugin, sbt.plugins.SendEventServicePlugin, sbt.plugins.InteractionServicePlugin, sbt.plugins.IvyPlugin, sbt.plugins.JvmPlugin, sbt.plugins.BackgroundRunPlugin, sbt.plugins.JUnitXmlReportPlugin)
[Loading] Done in /Users/lpfeiler/develop/github/ebs/scala/ebs, returning: (ebs)
Set current project to ebs (in build file:/Users/lpfeiler/develop/github/ebs/scala/ebs/)
Reapplying settings...
Set current project to ebs (in build file:/Users/lpfeiler/develop/github/ebs/scala/ebs/)
> iflast shell
> server-send-ready-for-request
> server-handle-next-server-request
> compile
Evaluating tasks: compile:compile
Running task... Cancel: sbt.server.ServerTaskCancellation@679fe86a, check cycles: false

Initial source changes: 
	removed:Set()
	added: Set()
	modified: Set()
Removed products: Set()
External API changes: API Changes: Set()
Modified binary dependencies: Set()
Initial directly invalidated sources: Set()

Sources indirectly invalidated by:
	product: Set()
	binary dep: Set()
	external source: Set()
All initially invalidated sources: Set()

Total time: 1 s, completed 24.05.2016 17:50:11
> server-post-command-cleanup
> server-handle-next-server-request
> {file:/Users/lpfeiler/develop/github/ebs/scala/ebs/}ebs/compile:discoveredMainClasses
Evaluating tasks: compile:discoveredMainClasses
Running task... Cancel: sbt.server.ServerTaskCancellation@19862afd, check cycles: false

Initial source changes: 
	removed:Set()
	added: Set()
	modified: Set()
Removed products: Set()
External API changes: API Changes: Set()
Modified binary dependencies: Set()
Initial directly invalidated sources: Set()

Sources indirectly invalidated by:
	product: Set()
	binary dep: Set()
	external source: Set()
All initially invalidated sources: Set()

Total time: 1 s, completed 24.05.2016 17:50:12
> server-post-command-cleanup
> server-handle-next-server-request
> {file:/Users/lpfeiler/develop/github/ebs/scala/ebs/}ebs/compile:mainClass
Evaluating tasks: compile:mainClass
Running task... Cancel: sbt.server.ServerTaskCancellation@10cdd775, check cycles: false

Initial source changes: 
	removed:Set()
	added: Set()
	modified: Set()
Removed products: Set()
External API changes: API Changes: Set()
Modified binary dependencies: Set()
Initial directly invalidated sources: Set()

Sources indirectly invalidated by:
	product: Set()
	binary dep: Set()
	external source: Set()
All initially invalidated sources: Set()

Total time: 1 s, completed 24.05.2016 17:50:12
> server-post-command-cleanup
> server-handle-next-server-request
> test
Evaluating tasks: test:test
Running task... Cancel: sbt.server.ServerTaskCancellation@48abb126, check cycles: false

Initial source changes: 
	removed:Set()
	added: Set()
	modified: Set()
Removed products: Set()
External API changes: API Changes: Set()
Modified binary dependencies: Set()
Initial directly invalidated sources: Set()

Sources indirectly invalidated by:
	product: Set()
	binary dep: Set()
	external source: Set()
All initially invalidated sources: Set()

Copy resource mappings: 
	

Initial source changes: 
	removed:Set()
	added: Set()
	modified: Set()
Removed products: Set()
External API changes: API Changes: Set()
Modified binary dependencies: Set()
Initial directly invalidated sources: Set()

Sources indirectly invalidated by:
	product: Set()
	binary dep: Set()
	external source: Set()
All initially invalidated sources: Set()

Copy resource mappings: 
	
Framework implementation 'org.scalacheck.ScalaCheckFramework' not present.
Framework implementation 'org.specs2.runner.Specs2Framework' not present.
Framework implementation 'org.specs2.runner.SpecsFramework' not present.
Framework implementation 'org.specs.runner.SpecsFramework' not present.
Framework implementation 'com.novocode.junit.JUnitFramework' not present.
Subclass fingerprints: List((org.scalatest.Suite,false,org.scalatest.tools.Framework$$anon$1@3070cbba))
Annotation fingerprints: List((org.scalatest.WrapWith,false,org.scalatest.tools.Framework$$anon$2@38aee3f4))
Running TaskDef(EbsSpec, org.scalatest.tools.Framework$$anon$1@3070cbba, false, [SuiteSelector])
Read from stdout: EbsSpec:
Read from stdout: ebs
Read from stdout: - should be correct with positive exponent
Read from stdout: ebs
Read from stdout: - should fail with negative exponent
Read from stdout: ebsmod
Read from stdout: - should be correct with natural numbers
Read from stdout: ebsmod
Read from stdout: - should fail with negative base
Read from stdout: ebsmod
Read from stdout: - should fail with negative exponent
Read from stdout: ebsmod
Read from stdout: - should fail with negative modulo
[32mEbsSpec:[0m
[32mebs[0m
[32m- should be correct with positive exponent[0m
[32mebs[0m
[32m- should fail with negative exponent[0m
[32mebsmod[0m
[32m- should be correct with natural numbers[0m
[32mebsmod[0m
[32m- should fail with negative base[0m
[32mebsmod[0m
[32m- should fail with negative exponent[0m
[32mebsmod[0m
[32m- should fail with negative modulo[0m
Read from stdout: Run completed in 760 milliseconds.
Read from stdout: Total number of tests run: 6
Read from stdout: Suites: completed 1, aborted 0
Read from stdout: Tests: succeeded 6, failed 0, canceled 0, ignored 0, pending 0
Read from stdout: All tests passed.
Run completed in 760 milliseconds.
Total number of tests run: 6
Suites: completed 1, aborted 0
Tests: succeeded 6, failed 0, canceled 0, ignored 0, pending 0
All tests passed.
Passed tests:
	EbsSpec
Total time: 3 s, completed 24.05.2016 17:50:15
> server-post-command-cleanup
> server-handle-next-server-request
> {file:/Users/lpfeiler/develop/github/ebs/scala/ebs/}ebs/compile:discoveredMainClasses
Evaluating tasks: compile:discoveredMainClasses
Running task... Cancel: sbt.server.ServerTaskCancellation@1133c4e7, check cycles: false

Initial source changes: 
	removed:Set()
	added: Set()
	modified: Set()
Removed products: Set()
External API changes: API Changes: Set()
Modified binary dependencies: Set()
Initial directly invalidated sources: Set()

Sources indirectly invalidated by:
	product: Set()
	binary dep: Set()
	external source: Set()
All initially invalidated sources: Set()

Total time: 0 s, completed 24.05.2016 17:50:16
> server-post-command-cleanup
> server-handle-next-server-request
> compile
Evaluating tasks: compile:compile
Running task... Cancel: sbt.server.ServerTaskCancellation@419669b8, check cycles: false

Initial source changes: 
	removed:Set()
	added: Set()
	modified: Set()
Removed products: Set()
External API changes: API Changes: Set()
Modified binary dependencies: Set()
Initial directly invalidated sources: Set()

Sources indirectly invalidated by:
	product: Set()
	binary dep: Set()
	external source: Set()
All initially invalidated sources: Set()

Total time: 0 s, completed 24.05.2016 17:50:51
> server-post-command-cleanup
> server-handle-next-server-request
> test
Evaluating tasks: test:test
Running task... Cancel: sbt.server.ServerTaskCancellation@6968e05d, check cycles: false

Initial source changes: 
	removed:Set()
	added: Set()
	modified: Set()
Removed products: Set()
External API changes: API Changes: Set()
Modified binary dependencies: Set()
Initial directly invalidated sources: Set()

Sources indirectly invalidated by:
	product: Set()
	binary dep: Set()
	external source: Set()
All initially invalidated sources: Set()

Copy resource mappings: 
	

Initial source changes: 
	removed:Set()
	added: Set()
	modified: Set(/Users/lpfeiler/develop/github/ebs/scala/ebs/src/test/scala/EbsSpec.scala)
Removed products: Set()
External API changes: API Changes: Set()
Modified binary dependencies: Set()
Initial directly invalidated sources: Set(/Users/lpfeiler/develop/github/ebs/scala/ebs/src/test/scala/EbsSpec.scala)

Sources indirectly invalidated by:
	product: Set()
	binary dep: Set()
	external source: Set()
All initially invalidated sources: Set(/Users/lpfeiler/develop/github/ebs/scala/ebs/src/test/scala/EbsSpec.scala)

Recompiling all 1 sources: invalidated sources (1) exceeded 50.0% of all sources
Read from stdout: Compiling 1 Scala source to /Users/lpfeiler/develop/github/ebs/scala/ebs/target/scala-2.11/test-classes...
Compiling 1 Scala source to /Users/lpfeiler/develop/github/ebs/scala/ebs/target/scala-2.11/test-classes...
Getting compiler-interface from component compiler for Scala 2.11.7
Other repositories:
Default repositories:
Getting compiler-interface from component compiler for Scala 2.11.7
Other repositories:
Default repositories:
Running cached compiler 92461fa, interfacing (CompilerInterface) with Scala compiler version 2.11.7
Calling Scala compiler with arguments  (CompilerInterface):
	-bootclasspath
	/Library/Java/JavaVirtualMachines/jdk1.8.0_60.jdk/Contents/Home/jre/lib/resources.jar:/Library/Java/JavaVirtualMachines/jdk1.8.0_60.jdk/Contents/Home/jre/lib/rt.jar:/Library/Java/JavaVirtualMachines/jdk1.8.0_60.jdk/Contents/Home/jre/lib/sunrsasign.jar:/Library/Java/JavaVirtualMachines/jdk1.8.0_60.jdk/Contents/Home/jre/lib/jsse.jar:/Library/Java/JavaVirtualMachines/jdk1.8.0_60.jdk/Contents/Home/jre/lib/jce.jar:/Library/Java/JavaVirtualMachines/jdk1.8.0_60.jdk/Contents/Home/jre/lib/charsets.jar:/Library/Java/JavaVirtualMachines/jdk1.8.0_60.jdk/Contents/Home/jre/lib/jfr.jar:/Library/Java/JavaVirtualMachines/jdk1.8.0_60.jdk/Contents/Home/jre/classes:/Users/lpfeiler/.ivy2/cache/org.scala-lang/scala-library/jars/scala-library-2.11.7.jar
	-classpath
	/Users/lpfeiler/develop/github/ebs/scala/ebs/target/scala-2.11/test-classes:/Users/lpfeiler/develop/github/ebs/scala/ebs/target/scala-2.11/classes:/Users/lpfeiler/develop/scala/activator-dist-1.3.6/repository/org.scalatest/scalatest_2.11/2.2.4/bundles/scalatest_2.11.jar:/Users/lpfeiler/develop/scala/activator-dist-1.3.6/repository/org.scala-lang/scala-reflect/2.11.2/jars/scala-reflect.jar:/Users/lpfeiler/develop/scala/activator-dist-1.3.6/repository/org.scala-lang.modules/scala-xml_2.11/1.0.2/bundles/scala-xml_2.11.jar
Scala compilation took 4.779754776 s
New invalidations:
	Set()
Initial set of included nodes: Set()
Previously invalidated, but (transitively) depend on new invalidations:
	Set()
All newly invalidated sources after taking into account (previously) recompiled sources:Set()
Copy resource mappings: 
	
Framework implementation 'org.scalacheck.ScalaCheckFramework' not present.
Framework implementation 'org.specs2.runner.Specs2Framework' not present.
Framework implementation 'org.specs2.runner.SpecsFramework' not present.
Framework implementation 'org.specs.runner.SpecsFramework' not present.
Framework implementation 'com.novocode.junit.JUnitFramework' not present.
Subclass fingerprints: List((org.scalatest.Suite,false,org.scalatest.tools.Framework$$anon$1@59e960c6))
Annotation fingerprints: List((org.scalatest.WrapWith,false,org.scalatest.tools.Framework$$anon$2@1695d11b))
Running TaskDef(EbsSpec, org.scalatest.tools.Framework$$anon$1@59e960c6, false, [SuiteSelector])
Read from stdout: EbsSpec:
Read from stdout: ebs
Read from stdout: - should be correct with positive exponent
Read from stdout: ebs
Read from stdout: - should fail with negative exponent
Read from stdout: ebsmod
Read from stdout: - should be correct with natural numbers
Read from stdout: ebsmod
Read from stdout: - should fail with negative base
Read from stdout: ebsmod
Read from stdout: - should fail with negative exponent
Read from stdout: ebsmod
Read from stdout: - should fail with negative modulo
[32mEbsSpec:[0m
[32mebs[0m
[32m- should be correct with positive exponent[0m
[32mebs[0m
[32m- should fail with negative exponent[0m
[32mebsmod[0m
[32m- should be correct with natural numbers[0m
[32mebsmod[0m
[32m- should fail with negative base[0m
[32mebsmod[0m
[32m- should fail with negative exponent[0m
[32mebsmod[0m
[32m- should fail with negative modulo[0m
Read from stdout: Run completed in 268 milliseconds.
Read from stdout: Total number of tests run: 6
Read from stdout: Suites: completed 1, aborted 0
Read from stdout: Tests: succeeded 6, failed 0, canceled 0, ignored 0, pending 0
Read from stdout: All tests passed.
Run completed in 268 milliseconds.
Total number of tests run: 6
Suites: completed 1, aborted 0
Tests: succeeded 6, failed 0, canceled 0, ignored 0, pending 0
All tests passed.
Passed tests:
	EbsSpec
Total time: 6 s, completed 24.05.2016 17:50:57
> server-post-command-cleanup
> server-handle-next-server-request
> compile
Evaluating tasks: compile:compile
Running task... Cancel: sbt.server.ServerTaskCancellation@2daee3a4, check cycles: false

Initial source changes: 
	removed:Set()
	added: Set()
	modified: Set()
Removed products: Set()
External API changes: API Changes: Set()
Modified binary dependencies: Set()
Initial directly invalidated sources: Set()

Sources indirectly invalidated by:
	product: Set()
	binary dep: Set()
	external source: Set()
All initially invalidated sources: Set()

Total time: 0 s, completed 24.05.2016 17:51:16
> server-post-command-cleanup
> server-handle-next-server-request
> test
Evaluating tasks: test:test
Running task... Cancel: sbt.server.ServerTaskCancellation@4bc81263, check cycles: false

Initial source changes: 
	removed:Set()
	added: Set()
	modified: Set()
Removed products: Set()
External API changes: API Changes: Set()
Modified binary dependencies: Set()
Initial directly invalidated sources: Set()

Sources indirectly invalidated by:
	product: Set()
	binary dep: Set()
	external source: Set()
All initially invalidated sources: Set()

Copy resource mappings: 
	

Initial source changes: 
	removed:Set()
	added: Set()
	modified: Set(/Users/lpfeiler/develop/github/ebs/scala/ebs/src/test/scala/EbsSpec.scala)
Removed products: Set()
External API changes: API Changes: Set()
Modified binary dependencies: Set()
Initial directly invalidated sources: Set(/Users/lpfeiler/develop/github/ebs/scala/ebs/src/test/scala/EbsSpec.scala)

Sources indirectly invalidated by:
	product: Set()
	binary dep: Set()
	external source: Set()
All initially invalidated sources: Set(/Users/lpfeiler/develop/github/ebs/scala/ebs/src/test/scala/EbsSpec.scala)

Recompiling all 1 sources: invalidated sources (1) exceeded 50.0% of all sources
Read from stdout: Compiling 1 Scala source to /Users/lpfeiler/develop/github/ebs/scala/ebs/target/scala-2.11/test-classes...
Compiling 1 Scala source to /Users/lpfeiler/develop/github/ebs/scala/ebs/target/scala-2.11/test-classes...
Getting compiler-interface from component compiler for Scala 2.11.7
Other repositories:
Default repositories:
Getting compiler-interface from component compiler for Scala 2.11.7
Other repositories:
Default repositories:
Running cached compiler 17876e6, interfacing (CompilerInterface) with Scala compiler version 2.11.7
Calling Scala compiler with arguments  (CompilerInterface):
	-bootclasspath
	/Library/Java/JavaVirtualMachines/jdk1.8.0_60.jdk/Contents/Home/jre/lib/resources.jar:/Library/Java/JavaVirtualMachines/jdk1.8.0_60.jdk/Contents/Home/jre/lib/rt.jar:/Library/Java/JavaVirtualMachines/jdk1.8.0_60.jdk/Contents/Home/jre/lib/sunrsasign.jar:/Library/Java/JavaVirtualMachines/jdk1.8.0_60.jdk/Contents/Home/jre/lib/jsse.jar:/Library/Java/JavaVirtualMachines/jdk1.8.0_60.jdk/Contents/Home/jre/lib/jce.jar:/Library/Java/JavaVirtualMachines/jdk1.8.0_60.jdk/Contents/Home/jre/lib/charsets.jar:/Library/Java/JavaVirtualMachines/jdk1.8.0_60.jdk/Contents/Home/jre/lib/jfr.jar:/Library/Java/JavaVirtualMachines/jdk1.8.0_60.jdk/Contents/Home/jre/classes:/Users/lpfeiler/.ivy2/cache/org.scala-lang/scala-library/jars/scala-library-2.11.7.jar
	-classpath
	/Users/lpfeiler/develop/github/ebs/scala/ebs/target/scala-2.11/test-classes:/Users/lpfeiler/develop/github/ebs/scala/ebs/target/scala-2.11/classes:/Users/lpfeiler/develop/scala/activator-dist-1.3.6/repository/org.scalatest/scalatest_2.11/2.2.4/bundles/scalatest_2.11.jar:/Users/lpfeiler/develop/scala/activator-dist-1.3.6/repository/org.scala-lang/scala-reflect/2.11.2/jars/scala-reflect.jar:/Users/lpfeiler/develop/scala/activator-dist-1.3.6/repository/org.scala-lang.modules/scala-xml_2.11/1.0.2/bundles/scala-xml_2.11.jar
Scala compilation took 1.769593857 s
New invalidations:
	Set()
Initial set of included nodes: Set()
Previously invalidated, but (transitively) depend on new invalidations:
	Set()
All newly invalidated sources after taking into account (previously) recompiled sources:Set()
Copy resource mappings: 
	
Framework implementation 'org.scalacheck.ScalaCheckFramework' not present.
Framework implementation 'org.specs2.runner.Specs2Framework' not present.
Framework implementation 'org.specs2.runner.SpecsFramework' not present.
Framework implementation 'org.specs.runner.SpecsFramework' not present.
Framework implementation 'com.novocode.junit.JUnitFramework' not present.
Subclass fingerprints: List((org.scalatest.Suite,false,org.scalatest.tools.Framework$$anon$1@2b462f65))
Annotation fingerprints: List((org.scalatest.WrapWith,false,org.scalatest.tools.Framework$$anon$2@762f0164))
Running TaskDef(EbsSpec, org.scalatest.tools.Framework$$anon$1@2b462f65, false, [SuiteSelector])
Read from stdout: EbsSpec:
Read from stdout: ebs
Read from stdout: - should be correct with positive exponent
Read from stdout: ebs
Read from stdout: - should fail with negative exponent
Read from stdout: ebsmod
Read from stdout: - should be correct with natural numbers
Read from stdout: ebsmod
Read from stdout: - should fail with negative base
Read from stdout: ebsmod
Read from stdout: - should fail with negative exponent
Read from stdout: ebsmod
Read from stdout: - should fail with negative modulo
[32mEbsSpec:[0m
[32mebs[0m
[32m- should be correct with positive exponent[0m
[32mebs[0m
[32m- should fail with negative exponent[0m
[32mebsmod[0m
[32m- should be correct with natural numbers[0m
[32mebsmod[0m
[32m- should fail with negative base[0m
[32mebsmod[0m
[32m- should fail with negative exponent[0m
[32mebsmod[0m
[32m- should fail with negative modulo[0m
Read from stdout: Run completed in 235 milliseconds.
Read from stdout: Total number of tests run: 6
Read from stdout: Suites: completed 1, aborted 0
Read from stdout: Tests: succeeded 6, failed 0, canceled 0, ignored 0, pending 0
Read from stdout: All tests passed.
Run completed in 235 milliseconds.
Total number of tests run: 6
Suites: completed 1, aborted 0
Tests: succeeded 6, failed 0, canceled 0, ignored 0, pending 0
All tests passed.
Passed tests:
	EbsSpec
Total time: 3 s, completed 24.05.2016 17:51:18
> server-post-command-cleanup
> server-handle-next-server-request
> compile
Evaluating tasks: compile:compile
Running task... Cancel: sbt.server.ServerTaskCancellation@6b4fcd46, check cycles: false

Initial source changes: 
	removed:Set()
	added: Set()
	modified: Set()
Removed products: Set()
External API changes: API Changes: Set()
Modified binary dependencies: Set()
Initial directly invalidated sources: Set()

Sources indirectly invalidated by:
	product: Set()
	binary dep: Set()
	external source: Set()
All initially invalidated sources: Set()

Total time: 0 s, completed 24.05.2016 17:51:38
> server-post-command-cleanup
> server-handle-next-server-request
> test
Evaluating tasks: test:test
Running task... Cancel: sbt.server.ServerTaskCancellation@7cfd3c3b, check cycles: false

Initial source changes: 
	removed:Set()
	added: Set()
	modified: Set()
Removed products: Set()
External API changes: API Changes: Set()
Modified binary dependencies: Set()
Initial directly invalidated sources: Set()

Sources indirectly invalidated by:
	product: Set()
	binary dep: Set()
	external source: Set()
All initially invalidated sources: Set()

Copy resource mappings: 
	

Initial source changes: 
	removed:Set()
	added: Set()
	modified: Set(/Users/lpfeiler/develop/github/ebs/scala/ebs/src/test/scala/EbsSpec.scala)
Removed products: Set()
External API changes: API Changes: Set()
Modified binary dependencies: Set()
Initial directly invalidated sources: Set(/Users/lpfeiler/develop/github/ebs/scala/ebs/src/test/scala/EbsSpec.scala)

Sources indirectly invalidated by:
	product: Set()
	binary dep: Set()
	external source: Set()
All initially invalidated sources: Set(/Users/lpfeiler/develop/github/ebs/scala/ebs/src/test/scala/EbsSpec.scala)

Recompiling all 1 sources: invalidated sources (1) exceeded 50.0% of all sources
Read from stdout: Compiling 1 Scala source to /Users/lpfeiler/develop/github/ebs/scala/ebs/target/scala-2.11/test-classes...
Compiling 1 Scala source to /Users/lpfeiler/develop/github/ebs/scala/ebs/target/scala-2.11/test-classes...
Getting compiler-interface from component compiler for Scala 2.11.7
Other repositories:
Default repositories:
Getting compiler-interface from component compiler for Scala 2.11.7
Other repositories:
Default repositories:
Running cached compiler 21a77cb, interfacing (CompilerInterface) with Scala compiler version 2.11.7
Calling Scala compiler with arguments  (CompilerInterface):
	-bootclasspath
	/Library/Java/JavaVirtualMachines/jdk1.8.0_60.jdk/Contents/Home/jre/lib/resources.jar:/Library/Java/JavaVirtualMachines/jdk1.8.0_60.jdk/Contents/Home/jre/lib/rt.jar:/Library/Java/JavaVirtualMachines/jdk1.8.0_60.jdk/Contents/Home/jre/lib/sunrsasign.jar:/Library/Java/JavaVirtualMachines/jdk1.8.0_60.jdk/Contents/Home/jre/lib/jsse.jar:/Library/Java/JavaVirtualMachines/jdk1.8.0_60.jdk/Contents/Home/jre/lib/jce.jar:/Library/Java/JavaVirtualMachines/jdk1.8.0_60.jdk/Contents/Home/jre/lib/charsets.jar:/Library/Java/JavaVirtualMachines/jdk1.8.0_60.jdk/Contents/Home/jre/lib/jfr.jar:/Library/Java/JavaVirtualMachines/jdk1.8.0_60.jdk/Contents/Home/jre/classes:/Users/lpfeiler/.ivy2/cache/org.scala-lang/scala-library/jars/scala-library-2.11.7.jar
	-classpath
	/Users/lpfeiler/develop/github/ebs/scala/ebs/target/scala-2.11/test-classes:/Users/lpfeiler/develop/github/ebs/scala/ebs/target/scala-2.11/classes:/Users/lpfeiler/develop/scala/activator-dist-1.3.6/repository/org.scalatest/scalatest_2.11/2.2.4/bundles/scalatest_2.11.jar:/Users/lpfeiler/develop/scala/activator-dist-1.3.6/repository/org.scala-lang/scala-reflect/2.11.2/jars/scala-reflect.jar:/Users/lpfeiler/develop/scala/activator-dist-1.3.6/repository/org.scala-lang.modules/scala-xml_2.11/1.0.2/bundles/scala-xml_2.11.jar
Scala compilation took 1.456080997 s
New invalidations:
	Set()
Initial set of included nodes: Set()
Previously invalidated, but (transitively) depend on new invalidations:
	Set()
All newly invalidated sources after taking into account (previously) recompiled sources:Set()
Copy resource mappings: 
	
Framework implementation 'org.scalacheck.ScalaCheckFramework' not present.
Framework implementation 'org.specs2.runner.Specs2Framework' not present.
Framework implementation 'org.specs2.runner.SpecsFramework' not present.
Framework implementation 'org.specs.runner.SpecsFramework' not present.
Framework implementation 'com.novocode.junit.JUnitFramework' not present.
Subclass fingerprints: List((org.scalatest.Suite,false,org.scalatest.tools.Framework$$anon$1@42d17f72))
Annotation fingerprints: List((org.scalatest.WrapWith,false,org.scalatest.tools.Framework$$anon$2@1abe767e))
Running TaskDef(EbsSpec, org.scalatest.tools.Framework$$anon$1@42d17f72, false, [SuiteSelector])
Read from stdout: EbsSpec:
Read from stdout: ebs
Read from stdout: - should be correct with positive exponent
Read from stdout: ebs
Read from stdout: - should fail with negative exponent
Read from stdout: ebsmod
Read from stdout: - should be correct with natural numbers
Read from stdout: ebsmod
Read from stdout: - should fail with negative base
Read from stdout: ebsmod
Read from stdout: - should fail with negative exponent
Read from stdout: ebsmod
Read from stdout: - should fail with negative modulo
[32mEbsSpec:[0m
[32mebs[0m
[32m- should be correct with positive exponent[0m
[32mebs[0m
[32m- should fail with negative exponent[0m
[32mebsmod[0m
[32m- should be correct with natural numbers[0m
[32mebsmod[0m
[32m- should fail with negative base[0m
[32mebsmod[0m
[32m- should fail with negative exponent[0m
[32mebsmod[0m
[32m- should fail with negative modulo[0m
Read from stdout: Run completed in 209 milliseconds.
Read from stdout: Total number of tests run: 6
Read from stdout: Suites: completed 1, aborted 0
Read from stdout: Tests: succeeded 6, failed 0, canceled 0, ignored 0, pending 0
Read from stdout: All tests passed.
Run completed in 209 milliseconds.
Total number of tests run: 6
Suites: completed 1, aborted 0
Tests: succeeded 6, failed 0, canceled 0, ignored 0, pending 0
All tests passed.
Passed tests:
	EbsSpec
Total time: 2 s, completed 24.05.2016 17:51:40
> server-post-command-cleanup
> server-handle-next-server-request
> compile
Evaluating tasks: compile:compile
Running task... Cancel: sbt.server.ServerTaskCancellation@2145ee2d, check cycles: false

Initial source changes: 
	removed:Set()
	added: Set()
	modified: Set()
Removed products: Set()
External API changes: API Changes: Set()
Modified binary dependencies: Set()
Initial directly invalidated sources: Set()

Sources indirectly invalidated by:
	product: Set()
	binary dep: Set()
	external source: Set()
All initially invalidated sources: Set()

Total time: 0 s, completed 24.05.2016 17:51:47
> server-post-command-cleanup
> server-handle-next-server-request
> test
Evaluating tasks: test:test
Running task... Cancel: sbt.server.ServerTaskCancellation@76c92afe, check cycles: false

Initial source changes: 
	removed:Set()
	added: Set()
	modified: Set()
Removed products: Set()
External API changes: API Changes: Set()
Modified binary dependencies: Set()
Initial directly invalidated sources: Set()

Sources indirectly invalidated by:
	product: Set()
	binary dep: Set()
	external source: Set()
All initially invalidated sources: Set()

Copy resource mappings: 
	

Initial source changes: 
	removed:Set()
	added: Set()
	modified: Set(/Users/lpfeiler/develop/github/ebs/scala/ebs/src/test/scala/EbsSpec.scala)
Removed products: Set()
External API changes: API Changes: Set()
Modified binary dependencies: Set()
Initial directly invalidated sources: Set(/Users/lpfeiler/develop/github/ebs/scala/ebs/src/test/scala/EbsSpec.scala)

Sources indirectly invalidated by:
	product: Set()
	binary dep: Set()
	external source: Set()
All initially invalidated sources: Set(/Users/lpfeiler/develop/github/ebs/scala/ebs/src/test/scala/EbsSpec.scala)

Recompiling all 1 sources: invalidated sources (1) exceeded 50.0% of all sources
Read from stdout: Compiling 1 Scala source to /Users/lpfeiler/develop/github/ebs/scala/ebs/target/scala-2.11/test-classes...
Compiling 1 Scala source to /Users/lpfeiler/develop/github/ebs/scala/ebs/target/scala-2.11/test-classes...
Getting compiler-interface from component compiler for Scala 2.11.7
Other repositories:
Default repositories:
Getting compiler-interface from component compiler for Scala 2.11.7
Other repositories:
Default repositories:
Running cached compiler f59ab14, interfacing (CompilerInterface) with Scala compiler version 2.11.7
Calling Scala compiler with arguments  (CompilerInterface):
	-bootclasspath
	/Library/Java/JavaVirtualMachines/jdk1.8.0_60.jdk/Contents/Home/jre/lib/resources.jar:/Library/Java/JavaVirtualMachines/jdk1.8.0_60.jdk/Contents/Home/jre/lib/rt.jar:/Library/Java/JavaVirtualMachines/jdk1.8.0_60.jdk/Contents/Home/jre/lib/sunrsasign.jar:/Library/Java/JavaVirtualMachines/jdk1.8.0_60.jdk/Contents/Home/jre/lib/jsse.jar:/Library/Java/JavaVirtualMachines/jdk1.8.0_60.jdk/Contents/Home/jre/lib/jce.jar:/Library/Java/JavaVirtualMachines/jdk1.8.0_60.jdk/Contents/Home/jre/lib/charsets.jar:/Library/Java/JavaVirtualMachines/jdk1.8.0_60.jdk/Contents/Home/jre/lib/jfr.jar:/Library/Java/JavaVirtualMachines/jdk1.8.0_60.jdk/Contents/Home/jre/classes:/Users/lpfeiler/.ivy2/cache/org.scala-lang/scala-library/jars/scala-library-2.11.7.jar
	-classpath
	/Users/lpfeiler/develop/github/ebs/scala/ebs/target/scala-2.11/test-classes:/Users/lpfeiler/develop/github/ebs/scala/ebs/target/scala-2.11/classes:/Users/lpfeiler/develop/scala/activator-dist-1.3.6/repository/org.scalatest/scalatest_2.11/2.2.4/bundles/scalatest_2.11.jar:/Users/lpfeiler/develop/scala/activator-dist-1.3.6/repository/org.scala-lang/scala-reflect/2.11.2/jars/scala-reflect.jar:/Users/lpfeiler/develop/scala/activator-dist-1.3.6/repository/org.scala-lang.modules/scala-xml_2.11/1.0.2/bundles/scala-xml_2.11.jar
Scala compilation took 1.391792708 s
New invalidations:
	Set()
Initial set of included nodes: Set()
Previously invalidated, but (transitively) depend on new invalidations:
	Set()
All newly invalidated sources after taking into account (previously) recompiled sources:Set()
Copy resource mappings: 
	
Framework implementation 'org.scalacheck.ScalaCheckFramework' not present.
Framework implementation 'org.specs2.runner.Specs2Framework' not present.
Framework implementation 'org.specs2.runner.SpecsFramework' not present.
Framework implementation 'org.specs.runner.SpecsFramework' not present.
Framework implementation 'com.novocode.junit.JUnitFramework' not present.
Subclass fingerprints: List((org.scalatest.Suite,false,org.scalatest.tools.Framework$$anon$1@2613ed83))
Annotation fingerprints: List((org.scalatest.WrapWith,false,org.scalatest.tools.Framework$$anon$2@37fa75f0))
Running TaskDef(EbsSpec, org.scalatest.tools.Framework$$anon$1@2613ed83, false, [SuiteSelector])
Read from stdout: EbsSpec:
Read from stdout: ebs
Read from stdout: - should be correct with non negative exponent
Read from stdout: ebs
Read from stdout: - should fail with negative exponent
Read from stdout: ebsmod
Read from stdout: - should be correct with natural numbers
Read from stdout: ebsmod
Read from stdout: - should fail with negative base
Read from stdout: ebsmod
Read from stdout: - should fail with negative exponent
Read from stdout: ebsmod
Read from stdout: - should fail with negative modulo
[32mEbsSpec:[0m
[32mebs[0m
[32m- should be correct with non negative exponent[0m
[32mebs[0m
[32m- should fail with negative exponent[0m
[32mebsmod[0m
[32m- should be correct with natural numbers[0m
[32mebsmod[0m
[32m- should fail with negative base[0m
[32mebsmod[0m
[32m- should fail with negative exponent[0m
[32mebsmod[0m
[32m- should fail with negative modulo[0m
Read from stdout: Run completed in 182 milliseconds.
Read from stdout: Total number of tests run: 6
Read from stdout: Suites: completed 1, aborted 0
Read from stdout: Tests: succeeded 6, failed 0, canceled 0, ignored 0, pending 0
Read from stdout: All tests passed.
Run completed in 182 milliseconds.
Total number of tests run: 6
Suites: completed 1, aborted 0
Tests: succeeded 6, failed 0, canceled 0, ignored 0, pending 0
All tests passed.
Passed tests:
	EbsSpec
Total time: 2 s, completed 24.05.2016 17:51:49
> server-post-command-cleanup
> server-handle-next-server-request
> compile
Evaluating tasks: compile:compile
Running task... Cancel: sbt.server.ServerTaskCancellation@2b425c6a, check cycles: false

Initial source changes: 
	removed:Set()
	added: Set()
	modified: Set()
Removed products: Set()
External API changes: API Changes: Set()
Modified binary dependencies: Set()
Initial directly invalidated sources: Set()

Sources indirectly invalidated by:
	product: Set()
	binary dep: Set()
	external source: Set()
All initially invalidated sources: Set()

Total time: 0 s, completed 24.05.2016 17:52:11
> server-post-command-cleanup
> server-handle-next-server-request
> test
Evaluating tasks: test:test
Running task... Cancel: sbt.server.ServerTaskCancellation@22dc03ab, check cycles: false

Initial source changes: 
	removed:Set()
	added: Set()
	modified: Set()
Removed products: Set()
External API changes: API Changes: Set()
Modified binary dependencies: Set()
Initial directly invalidated sources: Set()

Sources indirectly invalidated by:
	product: Set()
	binary dep: Set()
	external source: Set()
All initially invalidated sources: Set()

Copy resource mappings: 
	

Initial source changes: 
	removed:Set()
	added: Set()
	modified: Set(/Users/lpfeiler/develop/github/ebs/scala/ebs/src/test/scala/EbsSpec.scala)
Removed products: Set()
External API changes: API Changes: Set()
Modified binary dependencies: Set()
Initial directly invalidated sources: Set(/Users/lpfeiler/develop/github/ebs/scala/ebs/src/test/scala/EbsSpec.scala)

Sources indirectly invalidated by:
	product: Set()
	binary dep: Set()
	external source: Set()
All initially invalidated sources: Set(/Users/lpfeiler/develop/github/ebs/scala/ebs/src/test/scala/EbsSpec.scala)

Recompiling all 1 sources: invalidated sources (1) exceeded 50.0% of all sources
Read from stdout: Compiling 1 Scala source to /Users/lpfeiler/develop/github/ebs/scala/ebs/target/scala-2.11/test-classes...
Compiling 1 Scala source to /Users/lpfeiler/develop/github/ebs/scala/ebs/target/scala-2.11/test-classes...
Getting compiler-interface from component compiler for Scala 2.11.7
Other repositories:
Default repositories:
Getting compiler-interface from component compiler for Scala 2.11.7
Other repositories:
Default repositories:
Running cached compiler 11c91deb, interfacing (CompilerInterface) with Scala compiler version 2.11.7
Calling Scala compiler with arguments  (CompilerInterface):
	-bootclasspath
	/Library/Java/JavaVirtualMachines/jdk1.8.0_60.jdk/Contents/Home/jre/lib/resources.jar:/Library/Java/JavaVirtualMachines/jdk1.8.0_60.jdk/Contents/Home/jre/lib/rt.jar:/Library/Java/JavaVirtualMachines/jdk1.8.0_60.jdk/Contents/Home/jre/lib/sunrsasign.jar:/Library/Java/JavaVirtualMachines/jdk1.8.0_60.jdk/Contents/Home/jre/lib/jsse.jar:/Library/Java/JavaVirtualMachines/jdk1.8.0_60.jdk/Contents/Home/jre/lib/jce.jar:/Library/Java/JavaVirtualMachines/jdk1.8.0_60.jdk/Contents/Home/jre/lib/charsets.jar:/Library/Java/JavaVirtualMachines/jdk1.8.0_60.jdk/Contents/Home/jre/lib/jfr.jar:/Library/Java/JavaVirtualMachines/jdk1.8.0_60.jdk/Contents/Home/jre/classes:/Users/lpfeiler/.ivy2/cache/org.scala-lang/scala-library/jars/scala-library-2.11.7.jar
	-classpath
	/Users/lpfeiler/develop/github/ebs/scala/ebs/target/scala-2.11/test-classes:/Users/lpfeiler/develop/github/ebs/scala/ebs/target/scala-2.11/classes:/Users/lpfeiler/develop/scala/activator-dist-1.3.6/repository/org.scalatest/scalatest_2.11/2.2.4/bundles/scalatest_2.11.jar:/Users/lpfeiler/develop/scala/activator-dist-1.3.6/repository/org.scala-lang/scala-reflect/2.11.2/jars/scala-reflect.jar:/Users/lpfeiler/develop/scala/activator-dist-1.3.6/repository/org.scala-lang.modules/scala-xml_2.11/1.0.2/bundles/scala-xml_2.11.jar
Scala compilation took 1.386132095 s
New invalidations:
	Set()
Initial set of included nodes: Set()
Previously invalidated, but (transitively) depend on new invalidations:
	Set()
All newly invalidated sources after taking into account (previously) recompiled sources:Set()
Copy resource mappings: 
	
Framework implementation 'org.scalacheck.ScalaCheckFramework' not present.
Framework implementation 'org.specs2.runner.Specs2Framework' not present.
Framework implementation 'org.specs2.runner.SpecsFramework' not present.
Framework implementation 'org.specs.runner.SpecsFramework' not present.
Framework implementation 'com.novocode.junit.JUnitFramework' not present.
Subclass fingerprints: List((org.scalatest.Suite,false,org.scalatest.tools.Framework$$anon$1@721ec680))
Annotation fingerprints: List((org.scalatest.WrapWith,false,org.scalatest.tools.Framework$$anon$2@55dccb3f))
Running TaskDef(EbsSpec, org.scalatest.tools.Framework$$anon$1@721ec680, false, [SuiteSelector])
Read from stdout: EbsSpec:
Read from stdout: ebs
Read from stdout: - should be correct with non-negative exponent
Read from stdout: ebs
Read from stdout: - should fail with negative exponent
Read from stdout: ebsmod
Read from stdout: - should be correct with natural numbers
Read from stdout: ebsmod
Read from stdout: - should fail with negative base
Read from stdout: ebsmod
Read from stdout: - should fail with negative exponent
Read from stdout: ebsmod
Read from stdout: - should fail with negative modulo
[32mEbsSpec:[0m
[32mebs[0m
[32m- should be correct with non-negative exponent[0m
[32mebs[0m
[32m- should fail with negative exponent[0m
[32mebsmod[0m
[32m- should be correct with natural numbers[0m
[32mebsmod[0m
[32m- should fail with negative base[0m
[32mebsmod[0m
[32m- should fail with negative exponent[0m
[32mebsmod[0m
[32m- should fail with negative modulo[0m
Read from stdout: Run completed in 324 milliseconds.
Read from stdout: Total number of tests run: 6
Read from stdout: Suites: completed 1, aborted 0
Read from stdout: Tests: succeeded 6, failed 0, canceled 0, ignored 0, pending 0
Read from stdout: All tests passed.
Run completed in 324 milliseconds.
Total number of tests run: 6
Suites: completed 1, aborted 0
Tests: succeeded 6, failed 0, canceled 0, ignored 0, pending 0
All tests passed.
Passed tests:
	EbsSpec
Total time: 2 s, completed 24.05.2016 17:52:13
> server-post-command-cleanup
> server-handle-next-server-request
> compile
Evaluating tasks: compile:compile
Running task... Cancel: sbt.server.ServerTaskCancellation@d043b3d, check cycles: false

Initial source changes: 
	removed:Set()
	added: Set()
	modified: Set()
Removed products: Set()
External API changes: API Changes: Set()
Modified binary dependencies: Set()
Initial directly invalidated sources: Set()

Sources indirectly invalidated by:
	product: Set()
	binary dep: Set()
	external source: Set()
All initially invalidated sources: Set()

Total time: 0 s, completed 24.05.2016 17:52:41
> server-post-command-cleanup
> server-handle-next-server-request
> test
Evaluating tasks: test:test
Running task... Cancel: sbt.server.ServerTaskCancellation@5ec00f9, check cycles: false

Initial source changes: 
	removed:Set()
	added: Set()
	modified: Set()
Removed products: Set()
External API changes: API Changes: Set()
Modified binary dependencies: Set()
Initial directly invalidated sources: Set()

Sources indirectly invalidated by:
	product: Set()
	binary dep: Set()
	external source: Set()
All initially invalidated sources: Set()

Copy resource mappings: 
	

Initial source changes: 
	removed:Set()
	added: Set()
	modified: Set(/Users/lpfeiler/develop/github/ebs/scala/ebs/src/test/scala/EbsSpec.scala)
Removed products: Set()
External API changes: API Changes: Set()
Modified binary dependencies: Set()
Initial directly invalidated sources: Set(/Users/lpfeiler/develop/github/ebs/scala/ebs/src/test/scala/EbsSpec.scala)

Sources indirectly invalidated by:
	product: Set()
	binary dep: Set()
	external source: Set()
All initially invalidated sources: Set(/Users/lpfeiler/develop/github/ebs/scala/ebs/src/test/scala/EbsSpec.scala)

Recompiling all 1 sources: invalidated sources (1) exceeded 50.0% of all sources
Read from stdout: Compiling 1 Scala source to /Users/lpfeiler/develop/github/ebs/scala/ebs/target/scala-2.11/test-classes...
Compiling 1 Scala source to /Users/lpfeiler/develop/github/ebs/scala/ebs/target/scala-2.11/test-classes...
Getting compiler-interface from component compiler for Scala 2.11.7
Other repositories:
Default repositories:
Getting compiler-interface from component compiler for Scala 2.11.7
Other repositories:
Default repositories:
Running cached compiler 14f372eb, interfacing (CompilerInterface) with Scala compiler version 2.11.7
Calling Scala compiler with arguments  (CompilerInterface):
	-bootclasspath
	/Library/Java/JavaVirtualMachines/jdk1.8.0_60.jdk/Contents/Home/jre/lib/resources.jar:/Library/Java/JavaVirtualMachines/jdk1.8.0_60.jdk/Contents/Home/jre/lib/rt.jar:/Library/Java/JavaVirtualMachines/jdk1.8.0_60.jdk/Contents/Home/jre/lib/sunrsasign.jar:/Library/Java/JavaVirtualMachines/jdk1.8.0_60.jdk/Contents/Home/jre/lib/jsse.jar:/Library/Java/JavaVirtualMachines/jdk1.8.0_60.jdk/Contents/Home/jre/lib/jce.jar:/Library/Java/JavaVirtualMachines/jdk1.8.0_60.jdk/Contents/Home/jre/lib/charsets.jar:/Library/Java/JavaVirtualMachines/jdk1.8.0_60.jdk/Contents/Home/jre/lib/jfr.jar:/Library/Java/JavaVirtualMachines/jdk1.8.0_60.jdk/Contents/Home/jre/classes:/Users/lpfeiler/.ivy2/cache/org.scala-lang/scala-library/jars/scala-library-2.11.7.jar
	-classpath
	/Users/lpfeiler/develop/github/ebs/scala/ebs/target/scala-2.11/test-classes:/Users/lpfeiler/develop/github/ebs/scala/ebs/target/scala-2.11/classes:/Users/lpfeiler/develop/scala/activator-dist-1.3.6/repository/org.scalatest/scalatest_2.11/2.2.4/bundles/scalatest_2.11.jar:/Users/lpfeiler/develop/scala/activator-dist-1.3.6/repository/org.scala-lang/scala-reflect/2.11.2/jars/scala-reflect.jar:/Users/lpfeiler/develop/scala/activator-dist-1.3.6/repository/org.scala-lang.modules/scala-xml_2.11/1.0.2/bundles/scala-xml_2.11.jar
Scala compilation took 1.234601187 s
New invalidations:
	Set()
Initial set of included nodes: Set()
Previously invalidated, but (transitively) depend on new invalidations:
	Set()
All newly invalidated sources after taking into account (previously) recompiled sources:Set()
Copy resource mappings: 
	
Framework implementation 'org.scalacheck.ScalaCheckFramework' not present.
Framework implementation 'org.specs2.runner.Specs2Framework' not present.
Framework implementation 'org.specs2.runner.SpecsFramework' not present.
Framework implementation 'org.specs.runner.SpecsFramework' not present.
Framework implementation 'com.novocode.junit.JUnitFramework' not present.
Subclass fingerprints: List((org.scalatest.Suite,false,org.scalatest.tools.Framework$$anon$1@291c3fd8))
Annotation fingerprints: List((org.scalatest.WrapWith,false,org.scalatest.tools.Framework$$anon$2@34143cb))
Running TaskDef(EbsSpec, org.scalatest.tools.Framework$$anon$1@291c3fd8, false, [SuiteSelector])
Read from stdout: EbsSpec:
Read from stdout: ebs
Read from stdout: - should be correct with non-negative exponent
Read from stdout: ebs
Read from stdout: - should fail with negative exponent
Read from stdout: ebsmod
Read from stdout: - should be correct with natural numbers
Read from stdout: ebsmod
Read from stdout: - should fail with negative base
Read from stdout: ebsmod
Read from stdout: - should fail with negative exponent
Read from stdout: ebsmod
Read from stdout: - should fail with negative modulo
[32mEbsSpec:[0m
[32mebs[0m
[32m- should be correct with non-negative exponent[0m
[32mebs[0m
[32m- should fail with negative exponent[0m
[32mebsmod[0m
[32m- should be correct with natural numbers[0m
[32mebsmod[0m
[32m- should fail with negative base[0m
[32mebsmod[0m
[32m- should fail with negative exponent[0m
[32mebsmod[0m
[32m- should fail with negative modulo[0m
Read from stdout: Run completed in 188 milliseconds.
Read from stdout: Total number of tests run: 6
Read from stdout: Suites: completed 1, aborted 0
Read from stdout: Tests: succeeded 6, failed 0, canceled 0, ignored 0, pending 0
Read from stdout: All tests passed.
Run completed in 188 milliseconds.
Total number of tests run: 6
Suites: completed 1, aborted 0
Tests: succeeded 6, failed 0, canceled 0, ignored 0, pending 0
All tests passed.
Passed tests:
	EbsSpec
Total time: 2 s, completed 24.05.2016 17:52:43
> server-post-command-cleanup
> server-handle-next-server-request
> compile
Evaluating tasks: compile:compile
Running task... Cancel: sbt.server.ServerTaskCancellation@7431ad18, check cycles: false

Initial source changes: 
	removed:Set()
	added: Set()
	modified: Set()
Removed products: Set()
External API changes: API Changes: Set()
Modified binary dependencies: Set()
Initial directly invalidated sources: Set()

Sources indirectly invalidated by:
	product: Set()
	binary dep: Set()
	external source: Set()
All initially invalidated sources: Set()

Total time: 0 s, completed 24.05.2016 17:53:01
> server-post-command-cleanup
> server-handle-next-server-request
> test
Evaluating tasks: test:test
Running task... Cancel: sbt.server.ServerTaskCancellation@135a4ffb, check cycles: false

Initial source changes: 
	removed:Set()
	added: Set()
	modified: Set()
Removed products: Set()
External API changes: API Changes: Set()
Modified binary dependencies: Set()
Initial directly invalidated sources: Set()

Sources indirectly invalidated by:
	product: Set()
	binary dep: Set()
	external source: Set()
All initially invalidated sources: Set()

Copy resource mappings: 
	

Initial source changes: 
	removed:Set()
	added: Set()
	modified: Set(/Users/lpfeiler/develop/github/ebs/scala/ebs/src/test/scala/EbsSpec.scala)
Removed products: Set()
External API changes: API Changes: Set()
Modified binary dependencies: Set()
Initial directly invalidated sources: Set(/Users/lpfeiler/develop/github/ebs/scala/ebs/src/test/scala/EbsSpec.scala)

Sources indirectly invalidated by:
	product: Set()
	binary dep: Set()
	external source: Set()
All initially invalidated sources: Set(/Users/lpfeiler/develop/github/ebs/scala/ebs/src/test/scala/EbsSpec.scala)

Recompiling all 1 sources: invalidated sources (1) exceeded 50.0% of all sources
Read from stdout: Compiling 1 Scala source to /Users/lpfeiler/develop/github/ebs/scala/ebs/target/scala-2.11/test-classes...
Compiling 1 Scala source to /Users/lpfeiler/develop/github/ebs/scala/ebs/target/scala-2.11/test-classes...
Getting compiler-interface from component compiler for Scala 2.11.7
Other repositories:
Default repositories:
Getting compiler-interface from component compiler for Scala 2.11.7
Other repositories:
Default repositories:
Running cached compiler 7e7a7c2a, interfacing (CompilerInterface) with Scala compiler version 2.11.7
Calling Scala compiler with arguments  (CompilerInterface):
	-bootclasspath
	/Library/Java/JavaVirtualMachines/jdk1.8.0_60.jdk/Contents/Home/jre/lib/resources.jar:/Library/Java/JavaVirtualMachines/jdk1.8.0_60.jdk/Contents/Home/jre/lib/rt.jar:/Library/Java/JavaVirtualMachines/jdk1.8.0_60.jdk/Contents/Home/jre/lib/sunrsasign.jar:/Library/Java/JavaVirtualMachines/jdk1.8.0_60.jdk/Contents/Home/jre/lib/jsse.jar:/Library/Java/JavaVirtualMachines/jdk1.8.0_60.jdk/Contents/Home/jre/lib/jce.jar:/Library/Java/JavaVirtualMachines/jdk1.8.0_60.jdk/Contents/Home/jre/lib/charsets.jar:/Library/Java/JavaVirtualMachines/jdk1.8.0_60.jdk/Contents/Home/jre/lib/jfr.jar:/Library/Java/JavaVirtualMachines/jdk1.8.0_60.jdk/Contents/Home/jre/classes:/Users/lpfeiler/.ivy2/cache/org.scala-lang/scala-library/jars/scala-library-2.11.7.jar
	-classpath
	/Users/lpfeiler/develop/github/ebs/scala/ebs/target/scala-2.11/test-classes:/Users/lpfeiler/develop/github/ebs/scala/ebs/target/scala-2.11/classes:/Users/lpfeiler/develop/scala/activator-dist-1.3.6/repository/org.scalatest/scalatest_2.11/2.2.4/bundles/scalatest_2.11.jar:/Users/lpfeiler/develop/scala/activator-dist-1.3.6/repository/org.scala-lang/scala-reflect/2.11.2/jars/scala-reflect.jar:/Users/lpfeiler/develop/scala/activator-dist-1.3.6/repository/org.scala-lang.modules/scala-xml_2.11/1.0.2/bundles/scala-xml_2.11.jar
Scala compilation took 1.19307924 s
New invalidations:
	Set()
Initial set of included nodes: Set()
Previously invalidated, but (transitively) depend on new invalidations:
	Set()
All newly invalidated sources after taking into account (previously) recompiled sources:Set()
Copy resource mappings: 
	
Framework implementation 'org.scalacheck.ScalaCheckFramework' not present.
Framework implementation 'org.specs2.runner.Specs2Framework' not present.
Framework implementation 'org.specs2.runner.SpecsFramework' not present.
Framework implementation 'org.specs.runner.SpecsFramework' not present.
Framework implementation 'com.novocode.junit.JUnitFramework' not present.
Subclass fingerprints: List((org.scalatest.Suite,false,org.scalatest.tools.Framework$$anon$1@1a6bd493))
Annotation fingerprints: List((org.scalatest.WrapWith,false,org.scalatest.tools.Framework$$anon$2@2826162f))
Running TaskDef(EbsSpec, org.scalatest.tools.Framework$$anon$1@1a6bd493, false, [SuiteSelector])
Read from stdout: EbsSpec:
Read from stdout: ebs
Read from stdout: - should be correct with non-negative exponent
Read from stdout: ebs
Read from stdout: - should fail with negative exponent
Read from stdout: ebsmod
Read from stdout: - should be correct with natural numbers
Read from stdout: ebsmod
Read from stdout: - should fail with negative base
Read from stdout: ebsmod
Read from stdout: - should fail with negative exponent
Read from stdout: ebsmod
Read from stdout: - should fail with negative modulo
[32mEbsSpec:[0m
[32mebs[0m
[32m- should be correct with non-negative exponent[0m
[32mebs[0m
[32m- should fail with negative exponent[0m
[32mebsmod[0m
[32m- should be correct with natural numbers[0m
[32mebsmod[0m
[32m- should fail with negative base[0m
[32mebsmod[0m
[32m- should fail with negative exponent[0m
[32mebsmod[0m
[32m- should fail with negative modulo[0m
Read from stdout: Run completed in 229 milliseconds.
Read from stdout: Total number of tests run: 6
Read from stdout: Suites: completed 1, aborted 0
Read from stdout: Tests: succeeded 6, failed 0, canceled 0, ignored 0, pending 0
Read from stdout: All tests passed.
Run completed in 229 milliseconds.
Total number of tests run: 6
Suites: completed 1, aborted 0
Tests: succeeded 6, failed 0, canceled 0, ignored 0, pending 0
All tests passed.
Passed tests:
	EbsSpec
Total time: 2 s, completed 24.05.2016 17:53:03
> server-post-command-cleanup
> server-handle-next-server-request
